make.exe all --print-data-base --no-builtin-variables --no-builtin-rules --question
make.exe -C dippydro
 
# GNU Make 4.2
# Built for i686-w64-mingw32
# Copyright (C) 1988-2016 Free Software Foundation, Inc.
# License GPLv3+: GNU GPL version 3 or later <http://gnu.org/licenses/gpl.html>
# This is free software: you are free to change and redistribute it.
# There is NO WARRANTY, to the extent permitted by law.
 

# Make data base, printed on Tue Aug 09 13:08:33 2022

# Variables

# 'override' directive
GNUMAKEFLAGS := 
# automatic
<D = $(patsubst %/,%,$(patsubst %\,%,$(dir $<)))
# automatic
?F = $(notdir $?)
# default
.SHELLFLAGS := -c
# makefile (from 'Makefile', line 15)
OBJ :=  src/core/application.o  src/core/log.o  src/gfx/window.o  src/gfx/imgui_renderer.o
# makefile (from 'Makefile', line 11)
SRC = src
# makefile
MAKEFLAGS = pqrRw
# makefile (from 'Makefile', line 9)
TARGET = dippydro.dll
# automatic
?D = $(patsubst %/,%,$(patsubst %\,%,$(dir $?)))
# automatic
@D = $(patsubst %/,%,$(patsubst %\,%,$(dir $@)))
# environment
HOMEDRIVE = C:
# automatic
@F = $(notdir $@)
# automatic
^D = $(patsubst %/,%,$(patsubst %\,%,$(dir $^)))
# makefile
CURDIR := c:/dev/Advanced/c/annew/dippydro/dippydro
# default
SHELL := C:/dev/vendor/w64devkit/bin/sh.exe
# environment
CLION = C:\Program Files\JetBrains\CLion 2021.1.1\bin;
# environment
WINDIR = C:\WINDOWS
# environment
VSCODE_NLS_CONFIG = {"locale":"en-us","availableLanguages":{},"_languagePackSupport":true}
# environment
PYCHARM COMMUNITY EDITION = C:\Program Files\JetBrains\PyCharm Community Edition 2020.3\bin;
# makefile (from 'Makefile', line 21)
CFLAGS = -D BUILD_DLL -m64 -std=c99 -Wall $(INC)
# environment
NVM_HOME = C:\Users\User\AppData\Roaming\nvm
# environment
PATHEXT = .COM;.EXE;.BAT;.CMD;.VBS;.VBE;.JS;.JSE;.WSF;.WSH;.MSC
# makefile (from 'Makefile', line 1)
MAKEFILE_LIST :=  Makefile
# environment
FPS_BROWSER_USER_PROFILE_STRING = Default
# environment
TMP = C:\Users\User\AppData\Local\Temp
# makefile (from 'Makefile', line 14)
SOURCES :=  src/core/application.c src/core/log.c src/gfx/window.c src/gfx/imgui_renderer.c
# environment
PROGRAMW6432 = C:\Program Files
# environment
NVM_SYMLINK = C:\Program Files\nodejs
# environment
PROGRAMDATA = C:\ProgramData
# environment
VSCODE_CWD = C:\dev\Advanced\c\annew\dippydro
# default
MAKE_HOST := i686-w64-mingw32
# environment
PATH = C:\Program Files\Microsoft\jdk-11.0.12.7-hotspot\bin;C:\VulkanSDK\1.3.216.0\Bin;C:\VulkanSDK\1.2.170.0\Bin;C:\Program Files (x86)\Common Files\Oracle\Java\javapath;C:\WINDOWS\system32;C:\WINDOWS;C:\WINDOWS\System32\Wbem;C:\WINDOWS\System32\WindowsPowerShell\v1.0\;C:\WINDOWS\System32\OpenSSH\;C:\Program Files\Intel\WiFi\bin\;C:\Program Files\Common Files\Intel\WirelessCommon\;C:\Program Files\Java\jdk1.8.0_251\bin;C:\dev\vendor\ffmpeg\bin;C:\Users\User\AppData\Roaming\nvm;C:\Program Files\nodejs\;C:\dev\vendor\cmake\bin;C:\dev\vendor\aircrack-ng\bin;C:\dev\vendor\Neovim\bin;C:\Users\User\Downloads\gvim82\vim\vim82;C:\Program Files (x86)\Aseprite;C:\ffmpeg;C:\Program Files (x86)\Microsoft Visual Studio\2019\Community\VC\Tools\MSVC\14.29.30037\bin\Hostx64\x64;C:\Program Files\Sublime Text 3;C:\Program Files\Microsoft SQL Server\130\Tools\Binn\;C:\Program Files\Git\cmd;C:\Program Files\LLVM\bin;C:\dev\vendor\premake;C:\Program Files (x86)\Microsoft Visual Studio\2019\Community\VC\Tools\MSVC\14.29.30133\bin\Hostx64\x64;C:\dev\vendor;C:\Program Files\dotnet\;C:\Program Files\Microsoft Visual Studio\2022\Community\VC\Tools\MSVC\14.32.31326\bin\Hostx64\x64;C:\dev\vendor\w64devkit\bin;C:\Python310\Scripts\;C:\Python310\;C:\Users\User\AppData\Local\Programs\Python\Python310\Scripts\;C:\Users\User\AppData\Local\Programs\Python\Python310\;C:\Users\User\.cargo\bin;C:\Users\User\AppData\Local\Microsoft\WindowsApps;C:\Program Files\Intel\WiFi\bin\;C:\Program Files\Common Files\Intel\WirelessCommon\;C:\Users\User\AppData\Local\atom\bin;C:\Program Files\heroku\bin;C:\Users\User\AppData\Local\GitHubDesktop\bin;C:\Users\User\AppData\Local\Microsoft\WindowsApps;C:\Users\User\.dotnet\tools;C:\Program Files\JetBrains\PyCharm Community Edition 2020.3\bin;;C:\ffmpeg\bin;C:\Program Files\JetBrains\IntelliJ IDEA Community Edition 2020.3\bin;;C:\Users\User\AppData\Local\hyper\app-3.0.2\resources\bin;C:\Users\User\AppData\Roaming\nvm;C:\Program Files\nodejs;C:\Program Files\JetBrains\CLion 2021.1.1\bin;;C:\Users\User\AppData\Local\Programs\Microsoft VS Code\bin;C:\MinGW64\MinGW64\bin;C:\dev\vendor\premake;C:\Users\User\AppData\Roaming\npm;C:\Program Files\archive\;
# environment
COMMONPROGRAMW6432 = C:\Program Files\Common Files
# environment
ZES_ENABLE_SYSMAN = 1
# environment
CHOCOLATEYLASTPATHUPDATE = 132818962137921988
# environment
PROCESSOR_ARCHITECTURE = x86
# environment
ONEDRIVE = C:\Users\User\OneDrive
# environment
USERPROFILE = C:\Users\User
# environment
CHOCOLATEYINSTALL = C:\ProgramData\chocolatey
# environment
ALLUSERSPROFILE = C:\ProgramData
# environment
NUMBER_OF_PROCESSORS = 8
# environment
ELECTRON_RUN_AS_NODE = 
 1
# default
.FEATURES := target-specific order-only second-expansion else-if shortest-stem undefine oneshell archives jobserver output-sync
# environment
VK_SDK_PATH = C:\VulkanSDK\1.3.216.0
# automatic
%F = $(notdir $%)
# environment
CHROME_CRASHPAD_PIPE_NAME = \\.\pipe\crashpad_9184_MLAYULEVLASEMFQS
# environment
COMPUTERNAME = TOFU
# environment
PROGRAMFILES = C:\Program Files (x86)
# environment
HPSAPRINTERFIRMWARE = 192.168.0.11
# default
.LOADED := 
# environment
DRIVERDATA = C:\Windows\System32\Drivers\DriverData
# environment
ORIGINAL_XDG_CURRENT_DESKTOP = undefined
# environment
USERNAME = User
# environment
PUBLIC = C:\Users\Public
# environment
VSCODE_AMD_ENTRYPOINT = vs/workbench/api/node/extensionHostProcess
# environment
VSCODE_CODE_CACHE_PATH = C:\Users\User\AppData\Roaming\Code\CachedData\da76f93349a72022ca4670c1b84860304616aaa2
# environment
APPLICATION_INSIGHTS_NO_DIAGNOSTIC_CHANNEL = 1
# environment
COMMONPROGRAMFILES = C:\Program Files (x86)\Common Files
# environment
LOGONSERVER = \\TOFU
# environment
VSCODE_HANDLES_UNCAUGHT_ERRORS = true
# environment
USERDOMAIN = TOFU
# environment
MAKELEVEL := 1
# environment
INTELLIJ IDEA COMMUNITY EDITION = C:\Program Files\JetBrains\IntelliJ IDEA Community Edition 2020.3\bin;
# default
MAKE = $(MAKE_COMMAND)
# makefile (from 'Makefile', line 20)
CC = clang
# default
MAKE_VERSION := 4.2
# makefile
.DEFAULT_GOAL := all
# environment
PROGRAMFILES(X86) = C:\Program Files (x86)
# automatic
%D = $(patsubst %/,%,$(patsubst %\,%,$(dir $%)))
# makefile (from 'Makefile', line 22)
LFLAGS = $(LIBRARIES)
# environment
LOCALAPPDATA = C:\Users\User\AppData\Local
# environment
PSMODULEPATH = C:\Program Files\WindowsPowerShell\Modules;C:\WINDOWS\system32\WindowsPowerShell\v1.0\Modules
# default
MAKE_COMMAND := make.exe
# makefile (from 'Makefile', line 17)
INC = -Isrc -I../ext/glad/include -I../ext/glfw/include
# environment
PROCESSOR_ARCHITEW6432 = AMD64
# default
.VARIABLES := 
# automatic
*F = $(notdir $*)
# environment
PROCESSOR_IDENTIFIER = Intel64 Family 6 Model 158 Stepping 9, GenuineIntel
# environment
OS = Windows_NT
# environment
VSCODE_IPC_HOOK = \\.\pipe\ddf78b73f802b4b105ac4da8ec09dfcf-1.70.0-main-sock
# environment
HOMEPATH = \Users\User
# environment
COMMONPROGRAMFILES(X86) = C:\Program Files (x86)\Common Files
# environment
PROMPT = $P$G
# environment
MFLAGS = -pqrRw
# automatic
*D = $(patsubst %/,%,$(patsubst %\,%,$(dir $*)))
# environment
SYSTEMROOT = C:\WINDOWS
# automatic
+D = $(patsubst %/,%,$(patsubst %\,%,$(dir $+)))
# automatic
+F = $(notdir $+)
# environment
APPDATA = C:\Users\User\AppData\Roaming
# environment
TEMP = C:\Users\User\AppData\Local\Temp
# environment
COMSPEC = C:\WINDOWS\system32\cmd.exe
# default
MAKEFILES := 
# automatic
<F = $(notdir $<)
# makefile (from 'Makefile', line 12)
BIN = ../bin
# environment
LC_ALL = C
# makefile (from 'Makefile', line 18)
LIBRARIES = ../ext/glfw/lib/libglfw3dll.a ../bin/glad.o -lopengl32
# automatic
^F = $(notdir $^)
# default
SUFFIXES := 
# environment
SYSTEMDRIVE = C:
# environment
SESSIONNAME = Console
# environment
PROCESSOR_REVISION = 9e09
# default
.RECIPEPREFIX := 
# environment
VULKAN_SDK = C:\VulkanSDK\1.3.216.0
# environment
LANG = C
# environment
PROCESSOR_LEVEL = 6
# environment
FPS_BROWSER_APP_PROFILE_STRING = Internet Explorer
# environment
VSCODE_PID = 9184
# environment
USERDOMAIN_ROAMINGPROFILE = TOFU
# variable set hash-table stats:
# Load=108/1024=11%, Rehash=0, Collisions=24/145=17%

# Pattern-specific Variable Values

# No pattern-specific variable values.

# Directories

# src/gfx (key c:/dev/Advanced/c/annew/dippydro/dippydro/src/gfx, mtime 1660006355ll): 6 files, no impossibilities.
# . (key c:/dev/Advanced/c/annew/dippydro/dippydro, mtime 1658264890ll): 5 files, no impossibilities.
# src/core (key c:/dev/Advanced/c/annew/dippydro/dippydro/src/core, mtime 1660006355ll): 7 files, no impossibilities.
# src/entry.h (key c:/dev/Advanced/c/annew/dippydro/dippydro/src/entry.h, mtime 1660006297ll): could not be opened.
# src/dippydro.h (key c:/dev/Advanced/c/annew/dippydro/dippydro/src/dippydro.h, mtime 1658367756ll): could not be opened.
# src (key c:/dev/Advanced/c/annew/dippydro/dippydro/src, mtime 1658344458ll): 6 files, no impossibilities.

# 24 files, no impossibilities in 6 directories.

# Implicit Rules

%.o: %.c
#  recipe to execute (from 'Makefile', line 36):
	$(CC) $(CFLAGS) -c $< -o $@

# 1 implicit rules, 0 (0.0%) terminal.

# Files

configobjects: src/core/application.o src/core/log.o src/gfx/window.o src/gfx/imgui_renderer.o
#  Implicit rule search has not been done.
#  Modification time never checked.
#  File has not been updated.
#  recipe to execute (from 'Makefile', line 27):
	mv $^ $(BIN)/

all: project configobjects
#  Implicit rule search has been done.
#  File does not exist.
#  File has been updated.
#  Needs to be updated (-q is set).
# variable set hash-table stats:
# Load=0/32=0%, Rehash=0, Collisions=0/6=0%

project: src/core/application.o src/core/log.o src/gfx/window.o src/gfx/imgui_renderer.o
#  Implicit rule search has not been done.
#  File does not exist.
#  File has been updated.
#  Needs to be updated (-q is set).
# variable set hash-table stats:
# Load=0/32=0%, Rehash=0, Collisions=0/6=0%
#  recipe to execute (from 'Makefile', line 30):
	$(CC) $(CFLAGS) -shared -o $(BIN)/$(TARGET) $^ $(LFLAGS)

# Not a target:
src/gfx/window.o:
#  Implicit rule search has not been done.
#  Modification time never checked.
#  File has not been updated.

# Not a target:
src/gfx/imgui_renderer.o:
#  Implicit rule search has not been done.
#  Modification time never checked.
#  File has not been updated.

# Not a target:
Makefile:
#  Implicit rule search has been done.
#  Last modified 2022-07-20 21:22:45
#  File has been updated.
#  Successfully updated.

dirs:
#  Implicit rule search has not been done.
#  Modification time never checked.
#  File has not been updated.
#  recipe to execute (from 'Makefile', line 33):
	mkdir -p $(BIN)

# Not a target:
.DEFAULT:
#  Implicit rule search has not been done.
#  Modification time never checked.
#  File has not been updated.

src/core/application.o: src/core/application.c
#  Implicit rule search has been done.
#  Implicit/static pattern stem: 'src/core/application'
#  File does not exist.
#  File has been updated.
#  Needs to be updated (-q is set).
# automatic
# @ := src/core/application.o
# automatic
# % := 
# automatic
# * := src/core/application
# automatic
# + := src/core/application.c
# automatic
# | := 
# automatic
# < := src/core/application.c
# automatic
# ^ := src/core/application.c
# automatic
# ? := src/core/application.c
# variable set hash-table stats:
# Load=8/32=25%, Rehash=0, Collisions=1/16=6%
#  recipe to execute (from 'Makefile', line 36):
	$(CC) $(CFLAGS) -c $< -o $@

clean:
#  Implicit rule search has not been done.
#  Modification time never checked.
#  File has not been updated.
#  recipe to execute (from 'Makefile', line 39):
	rm -rf $(BIN) $(OBJ)

# Not a target:
src/core/log.o:
#  Implicit rule search has not been done.
#  Modification time never checked.
#  File has not been updated.

# Not a target:
src/core/application.c:
#  Implicit rule search has been done.
#  Last modified 2022-07-20 16:39:45
#  File has been updated.
#  Successfully updated.

# files hash-table stats:
# Load=13/1024=1%, Rehash=0, Collisions=0/39=0%
# VPATH Search Paths

# No 'vpath' search paths.

# No general ('VPATH' variable) search path.

# strcache buffers: 1 (0) / strings = 38 / storage = 396 B / avg = 10 B
# current buf: size = 8174 B / used = 396 B / count = 38 / avg = 10 B

# strcache performance: lookups = 59 / hit rate = 35%
# hash-table stats:
# Load=38/8192=0%, Rehash=0, Collisions=4/59=7%
# Finished Make data base on Tue Aug 09 13:08:33 2022

 
# GNU Make 4.2
# Built for i686-w64-mingw32
# Copyright (C) 1988-2016 Free Software Foundation, Inc.
# License GPLv3+: GNU GPL version 3 or later <http://gnu.org/licenses/gpl.html>
# This is free software: you are free to change and redistribute it.
# There is NO WARRANTY, to the extent permitted by law.

# Make data base, printed on Tue Aug 09 13:08:33 2022

# Variables

# 'override' directive
GNUMAKEFLAGS := 
# automatic
<D = $(patsubst %/,%,$(patsubst %\,%,$(dir $<)))
# automatic
?F = $(notdir $?)
# default
.SHELLFLAGS := -c
# makefile
MAKEFLAGS = pqrR
# automatic
?D = $(patsubst %/,%,$(patsubst %\,%,$(dir $?)))
# automatic
@D = $(patsubst %/,%,$(patsubst %\,%,$(dir $@)))
# environment
HOMEDRIVE = C:
# automatic
@F = $(notdir $@)
# automatic
^D = $(patsubst %/,%,$(patsubst %\,%,$(dir $^)))
# makefile
CURDIR := c:/dev/Advanced/c/annew/dippydro
# default
SHELL := C:/dev/vendor/w64devkit/bin/sh.exe
# environment
CLION = C:\Program Files\JetBrains\CLion 2021.1.1\bin;
# environment
WINDIR = C:\WINDOWS
# environment
VSCODE_NLS_CONFIG = {"locale":"en-us","availableLanguages":{},"_languagePackSupport":true}
# environment
PYCHARM COMMUNITY EDITION = C:\Program Files\JetBrains\PyCharm Community Edition 2020.3\bin;
# environment
NVM_HOME = C:\Users\User\AppData\Roaming\nvm
# environment
PATHEXT = .COM;.EXE;.BAT;.CMD;.VBS;.VBE;.JS;.JSE;.WSF;.WSH;.MSC
# makefile (from 'Makefile', line 1)
MAKEFILE_LIST :=  Makefile
# environment
FPS_BROWSER_USER_PROFILE_STRING = Default
# environment
TMP = C:\Users\User\AppData\Local\Temp
# environment
PROGRAMW6432 = C:\Program Files
# environment
NVM_SYMLINK = C:\Program Files\nodejs
# environment
PROGRAMDATA = C:\ProgramData
# environment
VSCODE_CWD = C:\dev\Advanced\c\annew\dippydro
# default
MAKE_HOST := i686-w64-mingw32
# environment
PATH = C:\Program Files\Microsoft\jdk-11.0.12.7-ho 
tspot\bin;C:\VulkanSDK\1.3.216.0\Bin;C:\VulkanSDK\1.2.170.0\Bin;C:\Program Files (x86)\Common Files\Oracle\Java\javapath;C:\WINDOWS\system32;C:\WINDOWS;C:\WINDOWS\System32\Wbem;C:\WINDOWS\System32\WindowsPowerShell\v1.0\;C:\WINDOWS\System32\OpenSSH\;C:\Program Files\Intel\WiFi\bin\;C:\Program Files\Common Files\Intel\WirelessCommon\;C:\Program Files\Java\jdk1.8.0_251\bin;C:\dev\vendor\ffmpeg\bin;C:\Users\User\AppData\Roaming\nvm;C:\Program Files\nodejs\;C:\dev\vendor\cmake\bin;C:\dev\vendor\aircrack-ng\bin;C:\dev\vendor\Neovim\bin;C:\Users\User\Downloads\gvim82\vim\vim82;C:\Program Files (x86)\Aseprite;C:\ffmpeg;C:\Program Files (x86)\Microsoft Visual Studio\2019\Community\VC\Tools\MSVC\14.29.30037\bin\Hostx64\x64;C:\Program Files\Sublime Text 3;C:\Program Files\Microsoft SQL Server\130\Tools\Binn\;C:\Program Files\Git\cmd;C:\Program Files\LLVM\bin;C:\dev\vendor\premake;C:\Program Files (x86)\Microsoft Visual Studio\2019\Community\VC\Tools\MSVC\14.29.30133\bin\Hostx64\x64;C:\dev\vendor;C:\Program Files\dotnet\;C:\Program Files\Microsoft Visual Studio\2022\Community\VC\Tools\MSVC\14.32.31326\bin\Hostx64\x64;C:\dev\vendor\w64devkit\bin;C:\Python310\Scripts\;C:\Python310\;C:\Users\User\AppData\Local\Programs\Python\Python310\Scripts\;C:\Users\User\AppData\Local\Programs\Python\Python310\;C:\Users\User\.cargo\bin;C:\Users\User\AppData\Local\Microsoft\WindowsApps;C:\Program Files\Intel\WiFi\bin\;C:\Program Files\Common Files\Intel\WirelessCommon\;C:\Users\User\AppData\Local\atom\bin;C:\Program Files\heroku\bin;C:\Users\User\AppData\Local\GitHubDesktop\bin;C:\Users\User\AppData\Local\Microsoft\WindowsApps;C:\Users\User\.dotnet\tools;C:\Program Files\JetBrains\PyCharm Community Edition 2020.3\bin;;C:\ffmpeg\bin;C:\Program Files\JetBrains\IntelliJ IDEA Community Edition 2020.3\bin;;C:\Users\User\AppData\Local\hyper\app-3.0.2\resources\bin;C:\Users\User\AppData\Roaming\nvm;C:\Program Files\nodejs;C:\Program Files\JetBrains\CLion 2021.1.1\bin;;C:\Users\User\AppData\Local\Programs\Microsoft VS Code\bin;C:\MinGW64\MinGW64\bin;C:\dev\vendor\premake;C:\Users\User\AppData\Roaming\npm;C:\Program Files\archive\;
# environment
COMMONPROGRAMW6432 = C:\Program Files\Common Files
# environment
ZES_ENABLE_SYSMAN = 1
# environment
CHOCOLATEYLASTPATHUPDATE = 132818962137921988
# environment
PROCESSOR_ARCHITECTURE = x86
# environment
ONEDRIVE = C:\Users\User\OneDrive
# environment
USERPROFILE = C:\Users\User
# environment
CHOCOLATEYINSTALL = C:\ProgramData\chocolatey
# environment
ALLUSERSPROFILE = C:\ProgramData
# environment
NUMBER_OF_PROCESSORS = 8
# environment
ELECTRON_RUN_AS_NODE = 1
# default
.FEATURES := target-specific order-only second-expansion else-if shortest-stem undefine oneshell archives jobserver output-sync
# environment
VK_SDK_PATH = C:\VulkanSDK\1.3.216.0
# automatic
%F = $(notdir $%)
# environment
CHROME_CRASHPAD_PIPE_NAME = \\.\pipe\crashpad_9184_MLAYULEVLASEMFQS
# environment
COMPUTERNAME = TOFU
# environment
PROGRAMFILES = C:\Program Files (x86)
# environment
HPSAPRINTERFIRMWARE = 192.168.0.11
# default
.LOADED := 
# environment
DRIVERDATA = C:\Windows\System32\Drivers\DriverData
# environment
ORIGINAL_XDG_CURRENT_DESKTOP = undefined
# environment
USERNAME = User
# environment
PUBLIC = C:\Users\Public
# environment
VSCODE_AMD_ENTRYPOINT = vs/workbench/api/node/extensionHostProcess
# environment
VSCODE_CODE_CACHE_PATH = C:\Users\User\AppData\Roaming\Code\CachedData\da76f93349a72022ca4670c1b84860304616aaa2
# environment
APPLICATION_INSIGHTS_NO_DIAGNOSTIC_CHANNEL = 1
# environment
COMMONPROGRAMFILES = C:\Program Files (x86)\Common Files
# environment
LOGONSERVER = \\TOFU
# environment
VSCODE_HANDLES_UNCAUGHT_ERRORS = true
# environment
USERDOMAIN = TOFU
# environment
MAKELEVEL := 0
# environment
INTELLIJ IDEA COMMUNITY EDITION = C:\Program Files\JetBrains\IntelliJ IDEA Community Edition 2020.3\bin;
# default
MAKE = $(MAKE_COMMAND)
# default
MAKECMDGOALS := all
# makefile (from 'Makefile', line 1)
CC = clang
# default
MAKE_VERSION := 4.2
# makefile (from 'Makefile', line 4)
EDITOR = editor
# makefile
.DEFAULT_GOAL := all
# environment
PROGRAMFILES(X86) = C:\Program Files (x86)
# automatic
%D = $(patsubst %/,%,$(patsubst %\,%,$(dir $%)))
# environment
LOCALAPPDATA = C:\Users\User\AppData\Local
# environment
PSMODULEPATH = C:\Program Files\WindowsPowerShell\Modules;C:\WINDOWS\system32\WindowsPowerShell\v1.0\Modules
# default
MAKE_COMMAND := make.exe
# environment
PROCESSOR_ARCHITEW6432 = AMD64
# default
.VARIABLES := 
# automatic
*F = $(notdir $*)
# environment
PROCESSOR_IDENTIFIER = Intel64 Family 6 Model 158 Stepping 9, GenuineIntel
# environment
OS = Windows_NT
# environment
VSCODE_IPC_HOOK = \\.\pipe\ddf78b73f802b4b105ac4da8ec09dfcf-1.70.0-main-sock
# environment
HOMEPATH = \Users\User
# environment
COMMONPROGRAMFILES(X86) = C:\Program Files (x86)\Common Files
# environment
PROMPT = $P$G
# environment
MFLAGS = -pqrR
# automatic
*D = $(patsubst %/,%,$(patsubst %\,%,$(dir $*)))
# environment
SYSTEMROOT = C:\WINDOWS
# automatic
+D = $(patsubst %/,%,$(patsubst %\,%,$(dir $+)))
# makefile (from 'Makefile', line 3)
ENGINE = dippydro
# automatic
+F = $(notdir $+)
# environment
APPDATA = C:\Users\User\AppData\Roaming
# environment
TEMP = C:\Users\User\AppData\Local\Temp
# environment
COMSPEC = C:\WINDOWS\system32\cmd.exe
# default
MAKEFILES := 
# automatic
<F = $(notdir $<)
# environment
LC_ALL = C
# automatic
^F = $(notdir $^)
# default
SUFFIXES := 
# environment
SYSTEMDRIVE = C:
# environment
SESSIONNAME = Console
# environment
PROCESSOR_REVISION = 9e09
# default
.RECIPEPREFIX := 
# environment
VULKAN_SDK = C:\VulkanSDK\1.3.216.0
# environment
LANG = C
# environment
PROCESSOR_LEVEL = 6
# environment
FPS_BROWSER_APP_PROFILE_STRING = Internet Explorer
# environment
VSCODE_PID = 9184
# environment
USERDOMAIN_ROAMINGPROFILE = TOFU
# variable set hash-table stats:
# Load=102/1024=10%, Rehash=0, Collisions=18/130=14%

# Pattern-specific Variable Values

# No pattern-specific variable values.

# Directories

# . (key c:/dev/Advanced/c/annew/dippydro, mtime 1658264872ll): 9 files, no impossibilities.

# 9 files, no impossibilities in 1 directories.

# Implicit Rules

# No implicit rules.

# Files

all: engine_make editor_make
#  Command line target.
#  Implicit rule search has been done.
#  File does not exist.
#  File has not been updated.
# variable set hash-table stats:
# Load=0/32=0%, Rehash=0, Collisions=0/5=0%

deps:
#  Implicit rule search has not been done.
#  Modification time never checked.
#  File has not been updated.
#  recipe to execute (from 'Makefile', line 15):
	cd ext/glad && $(CC) -o ../../bin/glad.o -Iinclude -c src/glad.c
	cp ext/glfw/lib/glfw3.dll bin/

# Not a target:
.SUFFIXES:
#  Implicit rule search has not been done.
#  Modification time never checked.
#  File has not been updated.

# Not a target:
Makefile:
#  Implicit rule search has been done.
#  Last modified 2022-07-19 21:01:27
#  File has been updated.
#  Successfully updated.

editor_make: editor
#  Implicit rule search has not been done.
#  Modification time never checked.
#  File has not been updated.
#  recipe to execute (from 'Makefile', line 12):
	$(MAKE) -C $^
	

engine_make: dippydro
#  Implicit rule search has not been done.
#  Implicit/static pattern stem: ''
#  Modification time never checked.
#  File has been updated.
#  Needs to be updated (-q is set).
# automatic
# @ := engine_make
# automatic
# % := 
# automatic
# * := 
# automatic
# + := dippydro
# automatic
# | := 
# automatic
# < := dippydro
# automatic
# ^ := dippydro
# automatic
# ? := dippydro
# variable set hash-table stats:
# Load=8/32=25%, Rehash=0, Collisions=2/14=14%
#  recipe to execute (from 'Makefile', line 9):
	$(MAKE) -C $^

# Not a target:
.DEFAULT:
#  Implicit rule search has not been done.
#  Modification time never checked.
#  File has not been updated.

# Not a target:
dippydro:
#  Implicit rule search has been done.
#  Last modified 2022-07-19 17:08:10
#  File has been updated.
#  Successfully updated.

# Not a target:
editor:
#  Implicit rule search has not been done.
#  Modification time never checked.
#  File has not been updated.

# files hash-table stats:
# Load=9/1024=1%, Rehash=0, Collisions=0/28=0%
# VPATH Search Paths

# No 'vpath' search paths.

# No general ('VPATH' variable) search path.

# strcache buffers: 1 (0) / strings = 15 / storage = 112 B / avg = 7 B
# current buf: size = 8174 B / used = 112 B / count = 15 / avg = 7 B

# strcache performance: lookups = 28 / hit rate = 46%
# hash-table stats:
# Load=15/8192=0%, Rehash=0, Collisions=1/28=4%
# Finished Make data base on Tue Aug 09 13:08:33 2022

 
